# JRE version: Java(TM) SE Runtime Environment (8.0_271-b09) (build 1.8.0_271-b09)
# Java VM: Java HotSpot(TM) 64-Bit Server VM (25.271-b09 mixed mode windows-amd64 compressed oops)
Heap:
 PSYoungGen      total 110080K, used 96291K [0x00000000eb400000, 0x00000000f6480000, 0x0000000100000000)
  eden space 101888K, 94% used [0x00000000eb400000,0x00000000f1208f40,0x00000000f1780000)
  from space 8192K, 0% used [0x00000000f1780000,0x00000000f1780000,0x00000000f1f80000)
  to   space 8704K, 0% used [0x00000000f5c00000,0x00000000f5c00000,0x00000000f6480000)
 ParOldGen       total 42496K, used 14560K [0x00000000c1c00000, 0x00000000c4580000, 0x00000000eb400000)
  object space 42496K, 34% used [0x00000000c1c00000,0x00000000c2a382f0,0x00000000c4580000)
 Metaspace       used 23234K, capacity 24038K, committed 24192K, reserved 1073152K
  class space    used 2934K, capacity 3132K, committed 3200K, reserved 1048576K
GC Heap History (10 events):
Event: 37.279 GC heap before
{Heap before GC invocations=8 (full 0):
 PSYoungGen      total 37376K, used 37024K [0x00000000eb400000, 0x00000000efd00000, 0x0000000100000000)
  eden space 32768K, 100% used [0x00000000eb400000,0x00000000ed400000,0x00000000ed400000)
  from space 4608K, 92% used [0x00000000ed400000,0x00000000ed828318,0x00000000ed880000)
  to   space 4608K, 0% used [0x00000000ef880000,0x00000000ef880000,0x00000000efd00000)
 ParOldGen       total 44032K, used 6483K [0x00000000c1c00000, 0x00000000c4700000, 0x00000000eb400000)
  object space 44032K, 14% used [0x00000000c1c00000,0x00000000c2254e28,0x00000000c4700000)
 Metaspace       used 15419K, capacity 16060K, committed 16256K, reserved 1062912K
  class space    used 1942K, capacity 2100K, committed 2176K, reserved 1048576K
Event: 37.310 GC heap after
Heap after GC invocations=8 (full 0):
 PSYoungGen      total 68608K, used 4601K [0x00000000eb400000, 0x00000000f0000000, 0x0000000100000000)
  eden space 64000K, 0% used [0x00000000eb400000,0x00000000eb400000,0x00000000ef280000)
  from space 4608K, 99% used [0x00000000ef880000,0x00000000efcfe640,0x00000000efd00000)
  to   space 6144K, 0% used [0x00000000ef280000,0x00000000ef280000,0x00000000ef880000)
 ParOldGen       total 44032K, used 8540K [0x00000000c1c00000, 0x00000000c4700000, 0x00000000eb400000)
  object space 44032K, 19% used [0x00000000c1c00000,0x00000000c2457130,0x00000000c4700000)
 Metaspace       used 15419K, capacity 16060K, committed 16256K, reserved 1062912K
  class space    used 1942K, capacity 2100K, committed 2176K, reserved 1048576K
}
Event: 39.980 GC heap before
{Heap before GC invocations=9 (full 0):
 PSYoungGen      total 68608K, used 68601K [0x00000000eb400000, 0x00000000f0000000, 0x0000000100000000)
  eden space 64000K, 100% used [0x00000000eb400000,0x00000000ef280000,0x00000000ef280000)
  from space 4608K, 99% used [0x00000000ef880000,0x00000000efcfe640,0x00000000efd00000)
  to   space 6144K, 0% used [0x00000000ef280000,0x00000000ef280000,0x00000000ef880000)
 ParOldGen       total 44032K, used 8540K [0x00000000c1c00000, 0x00000000c4700000, 0x00000000eb400000)
  object space 44032K, 19% used [0x00000000c1c00000,0x00000000c2457130,0x00000000c4700000)
 Metaspace       used 17878K, capacity 18624K, committed 18816K, reserved 1064960K
  class space    used 2253K, capacity 2430K, committed 2432K, reserved 1048576K
Event: 40.008 GC heap after
Heap after GC invocations=9 (full 0):
 PSYoungGen      total 70144K, used 6142K [0x00000000eb400000, 0x00000000f2700000, 0x0000000100000000)
  eden space 64000K, 0% used [0x00000000eb400000,0x00000000eb400000,0x00000000ef280000)
  from space 6144K, 99% used [0x00000000ef280000,0x00000000ef87fba0,0x00000000ef880000)
  to   space 7680K, 0% used [0x00000000f1f80000,0x00000000f1f80000,0x00000000f2700000)
 ParOldGen       total 44032K, used 11097K [0x00000000c1c00000, 0x00000000c4700000, 0x00000000eb400000)
  object space 44032K, 25% used [0x00000000c1c00000,0x00000000c26d67f0,0x00000000c4700000)
 Metaspace       used 17878K, capacity 18624K, committed 18816K, reserved 1064960K
  class space    used 2253K, capacity 2430K, committed 2432K, reserved 1048576K
}
Event: 42.880 GC heap before
{Heap before GC invocations=10 (full 0):
 PSYoungGen      total 70144K, used 70142K [0x00000000eb400000, 0x00000000f2700000, 0x0000000100000000)
  eden space 64000K, 100% used [0x00000000eb400000,0x00000000ef280000,0x00000000ef280000)
  from space 6144K, 99% used [0x00000000ef280000,0x00000000ef87fba0,0x00000000ef880000)
  to   space 7680K, 0% used [0x00000000f1f80000,0x00000000f1f80000,0x00000000f2700000)
 ParOldGen       total 44032K, used 11097K [0x00000000c1c00000, 0x00000000c4700000, 0x00000000eb400000)
  object space 44032K, 25% used [0x00000000c1c00000,0x00000000c26d67f0,0x00000000c4700000)
 Metaspace       used 19855K, capacity 20650K, committed 20736K, reserved 1067008K
  class space    used 2601K, capacity 2804K, committed 2816K, reserved 1048576K
Event: 42.923 GC heap after
Heap after GC invocations=10 (full 0):
 PSYoungGen      total 109568K, used 7045K [0x00000000eb400000, 0x00000000f2800000, 0x0000000100000000)
  eden space 101888K, 0% used [0x00000000eb400000,0x00000000eb400000,0x00000000f1780000)
  from space 7680K, 91% used [0x00000000f1f80000,0x00000000f2661780,0x00000000f2700000)
  to   space 8192K, 0% used [0x00000000f1780000,0x00000000f1780000,0x00000000f1f80000)
 ParOldGen       total 44032K, used 13726K [0x00000000c1c00000, 0x00000000c4700000, 0x00000000eb400000)
  object space 44032K, 31% used [0x00000000c1c00000,0x00000000c29678c0,0x00000000c4700000)
 Metaspace       used 19855K, capacity 20650K, committed 20736K, reserved 1067008K
  class space    used 2601K, capacity 2804K, committed 2816K, reserved 1048576K
}
Event: 43.937 GC heap before
{Heap before GC invocations=11 (full 0):
 PSYoungGen      total 109568K, used 27961K [0x00000000eb400000, 0x00000000f2800000, 0x0000000100000000)
  eden space 101888K, 20% used [0x00000000eb400000,0x00000000ec86ce28,0x00000000f1780000)
  from space 7680K, 91% used [0x00000000f1f80000,0x00000000f2661780,0x00000000f2700000)
  to   space 8192K, 0% used [0x00000000f1780000,0x00000000f1780000,0x00000000f1f80000)
 ParOldGen       total 44032K, used 13726K [0x00000000c1c00000, 0x00000000c4700000, 0x00000000eb400000)
  object space 44032K, 31% used [0x00000000c1c00000,0x00000000c29678c0,0x00000000c4700000)
 Metaspace       used 20444K, capacity 21208K, committed 21296K, reserved 1067008K
  class space    used 2666K, capacity 2879K, committed 2944K, reserved 1048576K
Event: 43.967 GC heap after
Heap after GC invocations=11 (full 0):
 PSYoungGen      total 110080K, used 1720K [0x00000000eb400000, 0x00000000f6480000, 0x0000000100000000)
  eden space 101888K, 0% used [0x00000000eb400000,0x00000000eb400000,0x00000000f1780000)
  from space 8192K, 21% used [0x00000000f1780000,0x00000000f192e3c8,0x00000000f1f80000)
  to   space 8704K, 0% used [0x00000000f5c00000,0x00000000f5c00000,0x00000000f6480000)
 ParOldGen       total 44032K, used 18685K [0x00000000c1c00000, 0x00000000c4700000, 0x00000000eb400000)
  object space 44032K, 42% used [0x00000000c1c00000,0x00000000c2e3f738,0x00000000c4700000)
 Metaspace       used 20444K, capacity 21208K, committed 21296K, reserved 1067008K
  class space    used 2666K, capacity 2879K, committed 2944K, reserved 1048576K
}
Event: 43.968 GC heap before
{Heap before GC invocations=12 (full 1):
 PSYoungGen      total 110080K, used 1720K [0x00000000eb400000, 0x00000000f6480000, 0x0000000100000000)
  eden space 101888K, 0% used [0x00000000eb400000,0x00000000eb400000,0x00000000f1780000)
  from space 8192K, 21% used [0x00000000f1780000,0x00000000f192e3c8,0x00000000f1f80000)
  to   space 8704K, 0% used [0x00000000f5c00000,0x00000000f5c00000,0x00000000f6480000)
 ParOldGen       total 44032K, used 18685K [0x00000000c1c00000, 0x00000000c4700000, 0x00000000eb400000)
  object space 44032K, 42% used [0x00000000c1c00000,0x00000000c2e3f738,0x00000000c4700000)
 Metaspace       used 20444K, capacity 21208K, committed 21296K, reserved 1067008K
  class space    used 2666K, capacity 2879K, committed 2944K, reserved 1048576K
Event: 44.453 GC heap after
Heap after GC invocations=12 (full 1):
 PSYoungGen      total 110080K, used 0K [0x00000000eb400000, 0x00000000f6480000, 0x0000000100000000)
  eden space 101888K, 0% used [0x00000000eb400000,0x00000000eb400000,0x00000000f1780000)
  from space 8192K, 0% used [0x00000000f1780000,0x00000000f1780000,0x00000000f1f80000)
  to   space 8704K, 0% used [0x00000000f5c00000,0x00000000f5c00000,0x00000000f6480000)
 ParOldGen       total 42496K, used 14560K [0x00000000c1c00000, 0x00000000c4580000, 0x00000000eb400000)
  object space 42496K, 34% used [0x00000000c1c00000,0x00000000c2a382f0,0x00000000c4580000)
 Metaspace       used 20444K, capacity 21208K, committed 21296K, reserved 1067008K
  class space    used 2666K, capacity 2879K, committed 2944K, reserved 1048576K
}

