# JRE version: Java(TM) SE Runtime Environment (8.0_271-b09) (build 1.8.0_271-b09)
# Java VM: Java HotSpot(TM) 64-Bit Server VM (25.271-b09 mixed mode windows-amd64 compressed oops)
Heap:
 PSYoungGen      total 138240K, used 77802K [0x00000000eb400000, 0x00000000f4300000, 0x0000000100000000)
  eden space 130560K, 59% used [0x00000000eb400000,0x00000000efffa8f0,0x00000000f3380000)
  from space 7680K, 0% used [0x00000000f3380000,0x00000000f3380000,0x00000000f3b00000)
  to   space 7168K, 0% used [0x00000000f3b00000,0x00000000f3b00000,0x00000000f4200000)
 ParOldGen       total 29696K, used 20109K [0x00000000c1c00000, 0x00000000c3900000, 0x00000000eb400000)
  object space 29696K, 67% used [0x00000000c1c00000,0x00000000c2fa3428,0x00000000c3900000)
 Metaspace       used 36299K, capacity 38396K, committed 38616K, reserved 1083392K
  class space    used 4974K, capacity 5363K, committed 5376K, reserved 1048576K
GC Heap History (10 events):
Event: 40.504 GC heap before
{Heap before GC invocations=11 (full 1):
 PSYoungGen      total 138240K, used 130560K [0x00000000eb400000, 0x00000000f4300000, 0x0000000100000000)
  eden space 130560K, 100% used [0x00000000eb400000,0x00000000f3380000,0x00000000f3380000)
  from space 7680K, 0% used [0x00000000f3380000,0x00000000f3380000,0x00000000f3b00000)
  to   space 7168K, 0% used [0x00000000f3b00000,0x00000000f3b00000,0x00000000f4200000)
 ParOldGen       total 29696K, used 6536K [0x00000000c1c00000, 0x00000000c3900000, 0x00000000eb400000)
  object space 29696K, 22% used [0x00000000c1c00000,0x00000000c22622e8,0x00000000c3900000)
 Metaspace       used 23976K, capacity 25012K, committed 25344K, reserved 1071104K
  class space    used 3233K, capacity 3498K, committed 3584K, reserved 1048576K
Event: 40.529 GC heap after
Heap after GC invocations=11 (full 1):
 PSYoungGen      total 137728K, used 7148K [0x00000000eb400000, 0x00000000f4300000, 0x0000000100000000)
  eden space 130560K, 0% used [0x00000000eb400000,0x00000000eb400000,0x00000000f3380000)
  from space 7168K, 99% used [0x00000000f3b00000,0x00000000f41fb048,0x00000000f4200000)
  to   space 7680K, 0% used [0x00000000f3380000,0x00000000f3380000,0x00000000f3b00000)
 ParOldGen       total 29696K, used 7206K [0x00000000c1c00000, 0x00000000c3900000, 0x00000000eb400000)
  object space 29696K, 24% used [0x00000000c1c00000,0x00000000c23099a8,0x00000000c3900000)
 Metaspace       used 23976K, capacity 25012K, committed 25344K, reserved 1071104K
  class space    used 3233K, capacity 3498K, committed 3584K, reserved 1048576K
}
Event: 49.736 GC heap before
{Heap before GC invocations=12 (full 1):
 PSYoungGen      total 137728K, used 137708K [0x00000000eb400000, 0x00000000f4300000, 0x0000000100000000)
  eden space 130560K, 100% used [0x00000000eb400000,0x00000000f3380000,0x00000000f3380000)
  from space 7168K, 99% used [0x00000000f3b00000,0x00000000f41fb048,0x00000000f4200000)
  to   space 7680K, 0% used [0x00000000f3380000,0x00000000f3380000,0x00000000f3b00000)
 ParOldGen       total 29696K, used 7206K [0x00000000c1c00000, 0x00000000c3900000, 0x00000000eb400000)
  object space 29696K, 24% used [0x00000000c1c00000,0x00000000c23099a8,0x00000000c3900000)
 Metaspace       used 27523K, capacity 28890K, committed 29056K, reserved 1075200K
  class space    used 3799K, capacity 4105K, committed 4224K, reserved 1048576K
Event: 49.817 GC heap after
Heap after GC invocations=12 (full 1):
 PSYoungGen      total 138240K, used 7649K [0x00000000eb400000, 0x00000000f4300000, 0x0000000100000000)
  eden space 130560K, 0% used [0x00000000eb400000,0x00000000eb400000,0x00000000f3380000)
  from space 7680K, 99% used [0x00000000f3380000,0x00000000f3af86c8,0x00000000f3b00000)
  to   space 7168K, 0% used [0x00000000f3b00000,0x00000000f3b00000,0x00000000f4200000)
 ParOldGen       total 29696K, used 11899K [0x00000000c1c00000, 0x00000000c3900000, 0x00000000eb400000)
  object space 29696K, 40% used [0x00000000c1c00000,0x00000000c279ef78,0x00000000c3900000)
 Metaspace       used 27523K, capacity 28890K, committed 29056K, reserved 1075200K
  class space    used 3799K, capacity 4105K, committed 4224K, reserved 1048576K
}
Event: 57.292 GC heap before
{Heap before GC invocations=13 (full 1):
 PSYoungGen      total 138240K, used 138158K [0x00000000eb400000, 0x00000000f4300000, 0x0000000100000000)
  eden space 130560K, 99% used [0x00000000eb400000,0x00000000f33732c8,0x00000000f3380000)
  from space 7680K, 99% used [0x00000000f3380000,0x00000000f3af86c8,0x00000000f3b00000)
  to   space 7168K, 0% used [0x00000000f3b00000,0x00000000f3b00000,0x00000000f4200000)
 ParOldGen       total 29696K, used 11899K [0x00000000c1c00000, 0x00000000c3900000, 0x00000000eb400000)
  object space 29696K, 40% used [0x00000000c1c00000,0x00000000c279ef78,0x00000000c3900000)
 Metaspace       used 32531K, capacity 34426K, committed 34560K, reserved 1079296K
  class space    used 4482K, capacity 4834K, committed 4864K, reserved 1048576K
Event: 57.345 GC heap after
Heap after GC invocations=13 (full 1):
 PSYoungGen      total 137728K, used 7165K [0x00000000eb400000, 0x00000000f4300000, 0x0000000100000000)
  eden space 130560K, 0% used [0x00000000eb400000,0x00000000eb400000,0x00000000f3380000)
  from space 7168K, 99% used [0x00000000f3b00000,0x00000000f41ff7f0,0x00000000f4200000)
  to   space 7680K, 0% used [0x00000000f3380000,0x00000000f3380000,0x00000000f3b00000)
 ParOldGen       total 29696K, used 16158K [0x00000000c1c00000, 0x00000000c3900000, 0x00000000eb400000)
  object space 29696K, 54% used [0x00000000c1c00000,0x00000000c2bc7928,0x00000000c3900000)
 Metaspace       used 32531K, capacity 34426K, committed 34560K, reserved 1079296K
  class space    used 4482K, capacity 4834K, committed 4864K, reserved 1048576K
}
Event: 61.101 GC heap before
{Heap before GC invocations=14 (full 1):
 PSYoungGen      total 137728K, used 123460K [0x00000000eb400000, 0x00000000f4300000, 0x0000000100000000)
  eden space 130560K, 89% used [0x00000000eb400000,0x00000000f25919d0,0x00000000f3380000)
  from space 7168K, 99% used [0x00000000f3b00000,0x00000000f41ff7f0,0x00000000f4200000)
  to   space 7680K, 0% used [0x00000000f3380000,0x00000000f3380000,0x00000000f3b00000)
 ParOldGen       total 29696K, used 16158K [0x00000000c1c00000, 0x00000000c3900000, 0x00000000eb400000)
  object space 29696K, 54% used [0x00000000c1c00000,0x00000000c2bc7928,0x00000000c3900000)
 Metaspace       used 33440K, capacity 35334K, committed 35416K, reserved 1079296K
  class space    used 4581K, capacity 4938K, committed 4992K, reserved 1048576K
Event: 61.168 GC heap after
Heap after GC invocations=14 (full 1):
 PSYoungGen      total 138240K, used 4877K [0x00000000eb400000, 0x00000000f4300000, 0x0000000100000000)
  eden space 130560K, 0% used [0x00000000eb400000,0x00000000eb400000,0x00000000f3380000)
  from space 7680K, 63% used [0x00000000f3380000,0x00000000f3843698,0x00000000f3b00000)
  to   space 7168K, 0% used [0x00000000f3b00000,0x00000000f3b00000,0x00000000f4200000)
 ParOldGen       total 29696K, used 20586K [0x00000000c1c00000, 0x00000000c3900000, 0x00000000eb400000)
  object space 29696K, 69% used [0x00000000c1c00000,0x00000000c301a968,0x00000000c3900000)
 Metaspace       used 33440K, capacity 35334K, committed 35416K, reserved 1079296K
  class space    used 4581K, capacity 4938K, committed 4992K, reserved 1048576K
}
Event: 61.168 GC heap before
{Heap before GC invocations=15 (full 2):
 PSYoungGen      total 138240K, used 4877K [0x00000000eb400000, 0x00000000f4300000, 0x0000000100000000)
  eden space 130560K, 0% used [0x00000000eb400000,0x00000000eb400000,0x00000000f3380000)
  from space 7680K, 63% used [0x00000000f3380000,0x00000000f3843698,0x00000000f3b00000)
  to   space 7168K, 0% used [0x00000000f3b00000,0x00000000f3b00000,0x00000000f4200000)
 ParOldGen       total 29696K, used 20586K [0x00000000c1c00000, 0x00000000c3900000, 0x00000000eb400000)
  object space 29696K, 69% used [0x00000000c1c00000,0x00000000c301a968,0x00000000c3900000)
 Metaspace       used 33440K, capacity 35334K, committed 35416K, reserved 1079296K
  class space    used 4581K, capacity 4938K, committed 4992K, reserved 1048576K
Event: 61.735 GC heap after
Heap after GC invocations=15 (full 2):
 PSYoungGen      total 138240K, used 0K [0x00000000eb400000, 0x00000000f4300000, 0x0000000100000000)
  eden space 130560K, 0% used [0x00000000eb400000,0x00000000eb400000,0x00000000f3380000)
  from space 7680K, 0% used [0x00000000f3380000,0x00000000f3380000,0x00000000f3b00000)
  to   space 7168K, 0% used [0x00000000f3b00000,0x00000000f3b00000,0x00000000f4200000)
 ParOldGen       total 29696K, used 20109K [0x00000000c1c00000, 0x00000000c3900000, 0x00000000eb400000)
  object space 29696K, 67% used [0x00000000c1c00000,0x00000000c2fa3428,0x00000000c3900000)
 Metaspace       used 33440K, capacity 35334K, committed 35416K, reserved 1079296K
  class space    used 4581K, capacity 4938K, committed 4992K, reserved 1048576K
}

